make all --print-data-base --no-builtin-variables --no-builtin-rules --question
# GNU Make 3.81
# Copyright (C) 2006  Free Software Foundation, Inc.
# This is free software; see the source for copying conditions.
# There is NO warranty; not even for MERCHANTABILITY or FITNESS FOR A
 
# PARTICULAR PURPOSE.

# This program built for i386-apple-darwin11.3.0
 


FAILURE: Build failed with an exception.


* What went wrong:

A problem occurred configuring root project 'EdaDataService'.

> 
Could not resolve all files for configuration ':classpath'.

   > 
Could not resolve org.veupathdb.lib:gradle-container-utils:4.0.0.

     Required by:

         project : > org.veupathdb.lib.gradle.container.container-utils:org.veupathdb.lib.gradle.container.container-utils.gradle.plugin:4.0.0

      > 
No matching variant of 
org.veupathdb.lib:gradle-container-utils:4.0.0
 was found. The consumer was configured to find 
a runtime of a library compatible with Java 15, packaged as a jar, and its dependencies declared externally, as well as attribute 'org.gradle.plugin.api-version' with value '7.4.2'
 but:

          - Variant 'apiElements' capability org.veupathdb.lib:gradle-container-utils:4.0.0 declares 
a library, packaged as a jar, and its dependencies declared externally:


              - Incompatible because this component declares 
an API of a component compatible with Java 17
 and the consumer needed 
a runtime of a component compatible with Java 15

              - Other compatible attribute:

                  - Doesn't say anything about org.gradle.plugin.api-version (required '7.4.2')

          - Variant 'javadocElements' capability org.veupathdb.lib:gradle-container-utils:4.0.0 declares 
a runtime of a component, and its dependencies declared externally
:

              - Incompatible because this component declares 
documentation and the consumer needed 
a library


              - Other compatible attributes:

                  - Doesn't say anything about 
its target Java version (required compatibility with Java 15)

                  - Doesn't say anything about 
its elements (required them packaged as a jar)

                  - Doesn't say anything about 
org.gradle.plugin.api-version (required '7.4.2')

          - Variant 'runtimeElements' capability org.veupathdb.lib:gradle-container-utils:4.0.0 declares 
a runtime of a library, packaged as a jar, and its dependencies declared externally:

              - Incompatible because this component declares a component compatible with Java 17
 and the consumer needed a component compatible with Java 15

              - Other compatible attribute:

                  - Doesn't say anything about 
org.gradle.plugin.api-version (required '7.4.2')

          - Variant 'sourcesElements' capability org.veupathdb.lib:gradle-container-utils:4.0.0 declares 
a runtime of a component, and its dependencies declared externally:

              - Incompatible because this component declares documentation and the consumer needed a library

              - Other compatible attributes:

                  - Doesn't say anything about 
its target Java version (required compatibility with Java 15)
                  - Doesn't say anything about 
its elements (required them packaged as a jar)
                  - Doesn't say anything about org.gradle.plugin.api-version (required '7.4.2')


* Try:
> 
Run with --stacktrace option to get the stack trace.
> 
Run with --info or --debug option to get more log output.

> Run with --scan
 to get full insights.

* Get more help at 
https://help.gradle.org

BUILD FAILED in 667ms


FAILURE: Build failed with an exception.


* What went wrong:
A problem occurred configuring root project 'EdaDataService'.
> 
Could not resolve all files for configuration ':classpath'.

   > 
Could not resolve org.veupathdb.lib:gradle-container-utils:4.0.0.

     Required by:

         project : > org.veupathdb.lib.gradle.container.container-utils:org.veupathdb.lib.gradle.container.container-utils.gradle.plugin:4.0.0
      > No matching variant of org.veupathdb.lib:gradle-container-utils:4.0.0
 was found. The consumer was configured to find 
a runtime of a library compatible with Java 15, packaged as a jar, and its dependencies declared externally, as well as attribute 'org.gradle.plugin.api-version' with value '7.4.2'
 but:

          - Variant 'apiElements' capability org.veupathdb.lib:gradle-container-utils:4.0.0 declares a library, packaged as a jar, and its dependencies declared externally
:

              - Incompatible because this component declares an API of a component compatible with Java 17
 and the consumer needed a runtime of a component compatible with Java 15

              - Other compatible attribute:

                  - Doesn't say anything about org.gradle.plugin.api-version (required '7.4.2')

          - Variant 'javadocElements' capability org.veupathdb.lib:gradle-container-utils:4.0.0 declares 
a runtime of a component, and its dependencies declared externally:

              - Incompatible because this component declares documentation and the consumer needed a library

              - Other compatible attributes:

                  - Doesn't say anything about its target Java version (required compatibility with Java 15)

                  - Doesn't say anything about its elements (required them packaged as a jar)

                  - Doesn't say anything about org.gradle.plugin.api-version (required '7.4.2')

          - Variant 'runtimeElements' capability org.veupathdb.lib:gradle-container-utils:4.0.0 declares a runtime of a library, packaged as a jar, and its dependencies declared externally
:
              - Incompatible because this component declares 
a component compatible with Java 17 and the consumer needed a component compatible with Java 15
              - Other compatible attribute:

                  - Doesn't say anything about org.gradle.plugin.api-version (required '7.4.2')
          - Variant 'sourcesElements' capability org.veupathdb.lib:gradle-container-utils:4.0.0 declares a runtime of a component, and its dependencies declared externally:

              - Incompatible because this component declares documentation and the consumer needed a library

              - Other compatible attributes:
                  - Doesn't say anything about its target Java version (required compatibility with Java 15)

                  - Doesn't say anything about its elements (required them packaged as a jar)
                  - Doesn't say anything about org.gradle.plugin.api-version (required '7.4.2')


* Try:
> Run with --stacktrace option to get the stack trace.

> Run with --info or --debug
 option to get more log output.
> Run with --scan to get full insights.


* Get more help at https://help.gradle.org


BUILD FAILED in 581ms

make: *** No rule to make target `all'.  Stop.


# Make data base, printed on Thu Aug 25 15:04:27 2022

 
# Variables

# automatic
<D = $(patsubst %/,%,$(dir $<))
# automatic
?F = $(notdir $?)
# makefile (from `makefile', line 7)
C_NONE := "\\033[0m"
# environment
ELECTRON_NO_ATTACH_CONSOLE = 1
# automatic
?D = $(patsubst %/,%,$(dir $?))
# automatic
@D = $(patsubst %/,%,$(dir $@))
# automatic
@F = $(notdir $@)
# makefile
CURDIR := /Users/annblevins/Documents/repos/eda-local-backend/projects/EdaDataService
# makefile
SHELL = /bin/sh
# environment
VSCODE_NLS_CONFIG = {"locale":"en-us","availableLanguages":{},"_languagePackSupport":true}
# environment
_ = /usr/bin/make
# makefile (from `makefile', line 1)
MAKEFILE_LIST :=  makefile
# environment
__CFBundleIdentifier = com.microsoft.VSCode
# makefile (from `makefile', line 4)
FETCH_EDA_COMMON_SCHEMA := 
# environment
VSCODE_CWD = /Users/annblevins/Documents/repos/eda-local-backend/projects/EdaDataService
# environment
PATH = /usr/local/opt/maven@3.3/bin:/usr/local/opt/gnu-sed/libexec/gnubin:/usr/bin:/Users/annblevins/opt/miniconda3/bin:/Users/annblevins/opt/miniconda3/condabin:/Users/annblevins/.volta/bin:/Library/Frameworks/Python.framework/Versions/3.9/bin:/usr/local/bin:/usr/bin:/bin:/usr/sbin:/sbin:/Users/annblevins/Library/Application Support/Code/User/globalStorage/ms-vscode-remote.remote-containers/cli-bin:/opt/X11/bin:/Library/Apple/usr/bin
# environment
LSCOLORS = Gxfxcxdxbxegedabagacad
# makefile (from `makefile', line 2)
BIN_DIR := .tools/bin
# environment
ELECTRON_RUN_AS_NODE = 1
# default
.FEATURES := target-specific order-only second-expansion else-if archives jobserver check-symlink
# environment
SSH_AUTH_SOCK = /private/tmp/com.apple.launchd.rJDYlnbOfL/Listeners
# automatic
%F = $(notdir $%)
# environment
DISPLAY = /private/tmp/com.apple.launchd.5Sc1E2hUIN/org.xquartz:0
# environment
CONDA_EXE = /Users/annblevins/opt/miniconda3/bin/conda
# environment
PWD = /Users/annblevins/Documents/repos/eda-local-backend/projects/EdaDataService
# environment
ORIGINAL_XDG_CURRENT_DESKTOP = undefined
# makefile (from `makefile', line 6)
C_BLUE := "\\033[94m"
# environment
VSCODE_AMD_ENTRYPOINT = vs/workbench/api/node/extensionHostProcess
# environment
HOME = /Users/annblevins
# default
MAKEFILEPATH := /Applications/Xcode.app/Contents/Developer/Makefiles
# makefile (from `makefile', line 8)
C_CYAN := "\\033[36m"
# environment
VSCODE_CLI = 1
# environment
VSCODE_CODE_CACHE_PATH = /Users/annblevins/Library/Application Support/Code/CachedData/3b889b090b5ad5793f524b5d1d39fda662b96a2a
# environment
LOGNAME = annblevins
# environment
APPLICATION_INSIGHTS_NO_DIAGNOSTIC_CHANNEL = true
# environment
CONDA_PROMPT_MODIFIER = (base) 
# environment
ZSH = /Users/annblevins/.oh-my-zsh
# environment
VSCODE_HANDLES_UNCAUGHT_ERRORS = true
# makefile (from `makefile', line 1)
GEN_PACKAGE := 
# automatic
^D = $(patsubst %/,%,$(dir $^))
# environment
CONDA_DEFAULT_ENV = base
# environment
XPC_FLAGS = 0x0
# environment
COLORTERM = truecolor
# default
MAKE = $(MAKE_COMMAND)
# environment
LC_TERMINAL = iTerm2
# environment
SHLVL = 3
# environment
VOLTA_HOME = /Users/annblevins/.volta
# environment
JAVA_HOME = /Library/Java/JavaVirtualMachines/jdk-15.0.2.jdk/Contents/Home
# default
MAKE_VERSION := 3.81
# environment
USER = annblevins
# makefile
.DEFAULT_GOAL := default
# default
MAKECMDGOALS := all
# environment
TERM_SESSION_ID = w1t0p0:F34FDB65-0131-4A6F-B27B-8C327A2DB661
# environment
LESS = -R
# automatic
%D = $(patsubst %/,%,$(dir $%))
# environment
CONDA_SHLVL = 1
# default
MAKE_COMMAND := /Applications/Xcode.app/Contents/Developer/usr/bin/make
# environment
TERM_PROGRAM = iTerm.app
# default
.VARIABLES := 
# environment
TMPDIR = /var/folders/xn/k04h8fk12sgfdnw9gr6qfw_w0000gn/T/
# automatic
*F = $(notdir $*)
# environment
VSCODE_IPC_HOOK = /Users/annblevins/Library/Application Support/Code/1.69.2-main.sock
# environment
MallocNanoZone = 0
# makefile
MAKEFLAGS = Rrqp
# environment
MFLAGS = -Rrqp
# automatic
*D = $(patsubst %/,%,$(dir $*))
# environment
TERM_PROGRAM_VERSION = 3.4.16
# environment
XPC_SERVICE_NAME = application.com.microsoft.VSCode.36481791.36481797.CD5293AF-B128-42D0-8337-D7B3C513B611
# environment
LC_TERMINAL_VERSION = 3.4.16
# automatic
+D = $(patsubst %/,%,$(dir $+))
# automatic
+F = $(notdir $+)
# environment
ITERM_SESSION_ID = w1t0p0:F34FDB65-0131-4A6F-B27B-8C327A2DB661
# environment
COLORFGBG = 15;0
# environment
__CF_USER_TEXT_ENCODING = 0x1F5:0x0:0x0
# environment
COMMAND_MODE = unix2003
# default
MAKEFILES := 
# automatic
<F = $(notdir $<)
# environment
ITERM_PROFILE = Default
# environment
PAGER = less
# environment
LC_ALL = C
# environment
CONDA_PYTHON_EXE = /Users/annblevins/opt/miniconda3/bin/python
# automatic
^F = $(notdir $^)
 
# default
SUFFIXES := 
# environment
_CE_M = 
# default
.INCLUDE_DIRS = /usr/local/include
# environment
MAKELEVEL := 0
# environment
CONDA_PREFIX = /Users/annblevins/opt/miniconda3
# environment
TERM = xterm-256color
# environment
VSCODE_PID = 30063
# environment
_CE_CONDA = 
# environment
LANG = C
# variable set hash-table stats:
# Load=91/1024=9%, Rehash=0, Collisions=7/119=6%

# Pattern-specific Variable Values

# No pattern-specific variable values.

# Directories

# . (device 16777224, inode 33327479): 29 files, no impossibilities.

# 29 files, no impossibilities in 1 directories.

# Implicit Rules

# No implicit rules.

# Files

# Not a target:
all:
#  Command-line target.
#  Implicit rule search has been done.
#  File does not exist.
#  File has not been updated.
# variable set hash-table stats:
# Load=0/32=0%, Rehash=0, Collisions=0/0=0%

.PHONY: default compile test jar docker install-dev-env gen-jaxrs clean gen-docs merge-raml
#  Implicit rule search has not been done.
#  Modification time never checked.
#  File has not been updated.

gen-jaxrs: api.raml merge-raml
#  Phony target (prerequisite of .PHONY).
#  Implicit rule search has not been done.
#  File does not exist.
#  File has not been updated.
#  commands to execute (from `makefile', line 69):
	@$(BIN_DIR)/generate-jaxrs.sh $(GEN_PACKAGE)
	@$(BIN_DIR)/generate-jaxrs-streams.sh $(GEN_PACKAGE)
	@$(BIN_DIR)/generate-jaxrs-postgen-mods.sh $(GEN_PACKAGE)
	

# Not a target:
build.gradle.kts:
#  Implicit rule search has not been done.
#  Modification time never checked.
#  File has not been updated.

# Not a target:
.SUFFIXES:
#  Implicit rule search has not been done.
#  Modification time never checked.
#  File has not been updated.

test: install-dev-env gen-jaxrs gen-docs
#  Phony target (prerequisite of .PHONY).
#  Implicit rule search has not been done.
#  File does not exist.
#  File has not been updated.
#  commands to execute (from `makefile', line 51):
	@./gradlew clean test
	

# Not a target:
makefile:
#  Implicit rule search has been done.
#  Last modified 2022-07-06 16:59:45
#  File has been updated.
#  Successfully updated.
# variable set hash-table stats:
# Load=0/32=0%, Rehash=0, Collisions=0/0=0%

install-dev-env:
#  Phony target (prerequisite of .PHONY).
#  Implicit rule search has not been done.
#  File does not exist.
#  File has not been updated.
#  commands to execute (from `makefile', line 62):
	@if [ ! -d .tools ]; then git clone https://github.com/VEuPathDB/lib-jaxrs-container-build-utils .tools; else cd .tools && git pull && cd ..; fi
	@./gradlew check-env install-raml-4-jax-rs
	@$(BIN_DIR)/install-raml-merge.sh
	@$(BIN_DIR)/install-npm.sh
	

default:
#  Phony target (prerequisite of .PHONY).
#  Implicit rule search has not been done.
#  File does not exist.
#  File has not been updated.
#  commands to execute (from `makefile', line 16):
	@echo "Please choose one of:"
	@echo ""
	@echo "$(C_BLUE)  make install-dev-env$(C_NONE)"
	@echo "    Ensures the current dev environment has the necessary "
	@echo "    installable tools to build this project."
	@echo ""
	@echo "$(C_BLUE)  make raml-gen-code$(C_NONE)"
	@echo "    Generates Java classes representing API interfaces as "
	@echo "    defined in api.raml and child types."
	@echo ""
	@echo "$(C_BLUE)  make compile$(C_NONE)"
	@echo "    Compiles the existing code in 'src/'.  Regenerates files if the"
	@echo "    api spec has changed."
	@echo ""
	@echo "$(C_BLUE)  make test$(C_NONE)"
	@echo "    Compiles the existing code in 'src/' and runs unit tests."
	@echo "    Regenerates files if the api spec has changed."
	@echo ""
	@echo "$(C_BLUE)  make jar$(C_NONE)"
	@echo "    Compiles a 'fat jar' from this project and its dependencies."
	@echo ""
	@echo "$(C_BLUE)  make docker$(C_NONE)"
	@echo "    Builds a runnable docker image for this service"
	@echo ""
	@echo "$(C_BLUE)  make clean$(C_NONE)"
	@echo "    Remove files generated by other targets; put project back in its"
	@echo "    original state."
	@echo ""
	

build/libs/service.jar: gen-jaxrs gen-docs build.gradle.kts
#  Implicit rule search has not been done.
#  Modification time never checked.
#  File has not been updated.
#  commands to execute (from `makefile', line 93):
	@echo "$(C_BLUE)Building application jar$(C_NONE)"
	@./gradlew clean test shadowJar
	

compile: install-dev-env gen-jaxrs gen-docs
#  Phony target (prerequisite of .PHONY).
#  Implicit rule search has not been done.
#  File does not exist.
#  File has not been updated.
#  commands to execute (from `makefile', line 47):
	@./gradlew clean compileJava
	

# Not a target:
.DEFAULT:
#  Implicit rule search has not been done.
#  Modification time never checked.
#  File has not been updated.

# Not a target:
api.raml:
#  Implicit rule search has not been done.
#  Modification time never checked.
#  File has not been updated.

gen-docs: api.raml merge-raml
#  Phony target (prerequisite of .PHONY).
#  Implicit rule search has not been done.
#  File does not exist.
#  File has not been updated.
#  commands to execute (from `makefile', line 79):
	@$(BIN_DIR)/generate-docs.sh
	

clean:
#  Phony target (prerequisite of .PHONY).
#  Implicit rule search has not been done.
#  File does not exist.
#  File has not been updated.
#  commands to execute (from `makefile', line 75):
	@rm -rf .bin .gradle .tools build vendor
	

jar: install-dev-env build/libs/service.jar
#  Phony target (prerequisite of .PHONY).
#  Implicit rule search has not been done.
#  File does not exist.
#  File has not been updated.

docker:
#  Phony target (prerequisite of .PHONY).
#  Implicit rule search has not been done.
#  File does not exist.
#  File has not been updated.
#  commands to execute (from `makefile', line 58):
	@./gradlew build-docker --stacktrace
	

merge-raml:
#  Phony target (prerequisite of .PHONY).
#  Implicit rule search has not been done.
#  File does not exist.
#  File has not been updated.
#  commands to execute (from `makefile', line 83):
	@echo "Downloading dependencies..."
	$(FETCH_EDA_COMMON_SCHEMA) > schema/url/eda-common-lib.raml
	$(BIN_DIR)/merge-raml schema > schema/library.raml
	rm schema/url/eda-common-lib.raml
	

 
# files hash-table stats:
# Load=18/1024=2%, Rehash=0, Collisions=0/64=0%
# VPATH Search Paths

# No `vpath' search paths.

# No general (`VPATH' variable) search path.

# # of strings in strcache: 1
# # of strcache buffers: 1
# strcache size: total = 4096 / max = 4096 / min = 4096 / avg = 4096
# strcache free: total = 4087 / max = 4087 / min = 4087 / avg = 4087

# Finished Make data base on Thu Aug 25 15:04:27 2022

 
